Build started 2/12/2015 6:00:46 PM.
     1>Project "C:\Users\Johnathan Falbo\Desktop\Assignment2\CST8237-2015\Engine\Engine.vcxproj" on node 2 (Rebuild target(s)).
     1>ClCompile:
         E:\Program Files (x86)\Microsoft Visual Studio 12.0\VC\bin\CL.exe /c /I"C:\Users\Johnathan Falbo\Desktop\Assignment2\CST8237-2015\External\SDL2-2.0.3/include" /I"C:\Users\Johnathan Falbo\Desktop\Assignment2\CST8237-2015\External\SDL2_image-2.0.0/include" /I"C:\Users\Johnathan Falbo\Desktop\Assignment2\CST8237-2015\External\Box2D_v2.3.0\Box2D" /Zi /nologo /W3 /WX- /O2 /Oi /Oy- /GL /D WIN32 /D NDEBUG /D _LIB /D _UNICODE /D UNICODE /Gm- /EHsc /MD /GS /Gy /fp:precise /Zc:wchar_t /Zc:forScope /Fo"Release\\" /Fd"Release\vc120.pdb" /Gd /TP /analyze- /errorReport:prompt src\GameEngine.cpp src\GameObject.cpp src\InputManager.cpp src\MathUtils.cpp src\Timer.cpp
         GameEngine.cpp
         GameObject.cpp
         InputManager.cpp
         MathUtils.cpp
         Timer.cpp
     1>src\Timer.cpp(14): warning C4244: '=' : conversion from 'Uint32' to 'float', possible loss of data
     1>src\Timer.cpp(30): warning C4244: '=' : conversion from 'Uint32' to 'float', possible loss of data
       Lib:
         E:\Program Files (x86)\Microsoft Visual Studio 12.0\VC\bin\Lib.exe /OUT:"C:\Users\Johnathan Falbo\Desktop\Assignment2\CST8237-2015\Release\Engine.lib" /NOLOGO /LTCG Release\GameEngine.obj
         Release\GameObject.obj
         Release\InputManager.obj
         Release\MathUtils.obj
         Release\Timer.obj
         Engine.vcxproj -> C:\Users\Johnathan Falbo\Desktop\Assignment2\CST8237-2015\Release\Engine.lib
     1>Done Building Project "C:\Users\Johnathan Falbo\Desktop\Assignment2\CST8237-2015\Engine\Engine.vcxproj" (Rebuild target(s)).

Build succeeded.

Time Elapsed 00:00:01.19
