Build started 2/12/2015 6:00:54 PM.
     1>Project "C:\Users\Johnathan Falbo\Desktop\Assignment2\CST8237-2015\Game\Game.vcxproj" on node 2 (Rebuild target(s)).
     1>ClCompile:
         E:\Program Files (x86)\Microsoft Visual Studio 12.0\VC\bin\CL.exe /c /I"C:\Users\Johnathan Falbo\Desktop\Assignment2\CST8237-2015\External\SDL2-2.0.3/include" /I"C:\Users\Johnathan Falbo\Desktop\Assignment2\CST8237-2015\External\SDL2_image-2.0.0/include" /I"C:\Users\Johnathan Falbo\Desktop\Assignment2\CST8237-2015\External\Box2D_v2.3.0\Box2D" /Zi /nologo /W3 /WX- /O2 /Oi /Oy- /GL /D WIN32 /D NDEBUG /D _CONSOLE /D _LIB /D _UNICODE /D UNICODE /Gm- /EHsc /MD /GS /Gy /fp:precise /Zc:wchar_t /Zc:forScope /Fo"Release\\" /Fd"Release\vc120.pdb" /Gd /TP /analyze- /errorReport:prompt src\Game.cpp src\main.cpp src\Missile.cpp src\Player.cpp
         Game.cpp
     1>src\Game.cpp(71): warning C4244: 'argument' : conversion from 'float' to 'int', possible loss of data
     1>src\Game.cpp(72): warning C4244: 'argument' : conversion from 'float' to 'int', possible loss of data
         main.cpp
         Missile.cpp
     1>src\Missile.cpp(66): warning C4244: '=' : conversion from 'float' to 'int', possible loss of data
     1>src\Missile.cpp(72): warning C4244: '=' : conversion from 'float' to 'int', possible loss of data
     1>src\Missile.cpp(78): warning C4244: '=' : conversion from 'float' to 'int', possible loss of data
     1>src\Missile.cpp(84): warning C4244: '=' : conversion from 'float' to 'int', possible loss of data
     1>src\Missile.cpp(93): warning C4244: 'argument' : conversion from 'float' to 'int', possible loss of data
         Player.cpp
     1>src\Player.cpp(49): warning C4244: '=' : conversion from 'float' to 'int', possible loss of data
     1>src\Player.cpp(55): warning C4244: '=' : conversion from 'float' to 'int', possible loss of data
     1>src\Player.cpp(61): warning C4244: '=' : conversion from 'float' to 'int', possible loss of data
     1>src\Player.cpp(67): warning C4244: '=' : conversion from 'float' to 'int', possible loss of data
     1>src\Player.cpp(80): warning C4244: '=' : conversion from 'float' to 'int', possible loss of data
     1>src\Player.cpp(81): warning C4244: '=' : conversion from 'float' to 'int', possible loss of data
       Link:
         E:\Program Files (x86)\Microsoft Visual Studio 12.0\VC\bin\link.exe /ERRORREPORT:PROMPT /OUT:"C:\Users\Johnathan Falbo\Desktop\Assignment2\CST8237-2015\Release\Game.exe" /INCREMENTAL:NO /NOLOGO /LIBPATH:"C:\Users\Johnathan Falbo\Desktop\Assignment2\CST8237-2015\External\SDL2-2.0.3/lib/x86" /LIBPATH:"C:\Users\Johnathan Falbo\Desktop\Assignment2\CST8237-2015\External\SDL2_image-2.0.0/lib/x86" SDL2.lib SDL2main.lib SDL2_image.lib Engine.lib Box2D.lib kernel32.lib user32.lib gdi32.lib winspool.lib comdlg32.lib advapi32.lib shell32.lib ole32.lib oleaut32.lib uuid.lib odbc32.lib odbccp32.lib /MANIFEST /MANIFESTUAC:"level='asInvoker' uiAccess='false'" /manifest:embed /DEBUG /PDB:"C:\Users\Johnathan Falbo\Desktop\Assignment2\CST8237-2015\Release\Game.pdb" /SUBSYSTEM:CONSOLE /OPT:REF /OPT:ICF /LTCG /TLBID:1 /DYNAMICBASE /NXCOMPAT /IMPLIB:"C:\Users\Johnathan Falbo\Desktop\Assignment2\CST8237-2015\Release\Game.lib" /MACHINE:X86 /SAFESEH Release\Game.obj
         Release\main.obj
         Release\Missile.obj
         Release\Player.obj
     1>LINK : fatal error LNK1181: cannot open input file 'Engine.lib'
     1>Done Building Project "C:\Users\Johnathan Falbo\Desktop\Assignment2\CST8237-2015\Game\Game.vcxproj" (Rebuild target(s)) -- FAILED.

Build FAILED.

Time Elapsed 00:00:01.08
